mktextfm ecrm1200
mktextfm ecbx1200
mktextfm ptmr8t
mktextfm ptmrc8t
mktextfm ptmr8t
mktextfm ptmb8t
mktextfm nullfont
mktextfm ptmbi8t
mktextfm nullfont
mktextfm zptmcmr
mktextfm zptmcmr
mktextfm zptmcmr
mktextfm zptmcmrm
mktextfm zptmcmrm
mktextfm zptmcmrm
mktextfm zpzccmry
mktextfm zpzccmry
mktextfm zpzccmry
mktextfm zpsycmrv
mktextfm zpsycmrv
mktextfm zpsycmrv
mktextfm ptmb7t
mktextfm nullfont
mktextfm ptmb7t
mktextfm nullfont
mktextfm ptmb7t
mktextfm nullfont
mktextfm ptmri7t
mktextfm ptmri7t
mktextfm ptmri7t
mktextfm ptmr8t
mktextfm ptmb8t
mktextfm nullfont
mktextfm ptmr8t
mktextfm ptmb8t
mktextfm nullfont
mktextfm ptmbi8t
mktextfm nullfont
mktextfm zptmcmr
mktextfm zptmcmr
mktextfm zptmcmr
mktextfm zptmcmrm
mktextfm zptmcmrm
mktextfm zptmcmrm
mktextfm zpzccmry
mktextfm zpzccmry
mktextfm zpzccmry
mktextfm zpsycmrv
mktextfm zpsycmrv
mktextfm zpsycmrv
mktextfm ptmb7t
mktextfm nullfont
mktextfm ptmb7t
mktextfm nullfont
mktextfm ptmb7t
mktextfm nullfont
mktextfm ptmri7t
mktextfm ptmri7t
mktextfm ptmri7t
mktextfm ptmri8t
mktextfm ptmr8t
mktextfm zptmcmr
mktextfm zptmcmr
mktextfm zptmcmr
mktextfm zptmcmrm
mktextfm zptmcmrm
mktextfm zptmcmrm
mktextfm zpzccmry
mktextfm zpzccmry
mktextfm zpzccmry
mktextfm zpsycmrv
mktextfm zpsycmrv
mktextfm zpsycmrv
mktextfm ptmb7t
mktextfm nullfont
mktextfm ptmb7t
mktextfm nullfont
mktextfm ptmb7t
mktextfm nullfont
mktextfm ptmri7t
mktextfm ptmri7t
mktextfm ptmri7t
mktextfm ptmb8t
mktextfm nullfont
mktextfm ptmbi8t
mktextfm nullfont
mktextfm ptmb8t
mktextfm nullfont
mktextfm ptmbi8t
mktextfm nullfont
mktextfm ptmr8t
mktextfm ptmr8t
mktextfm ptmbi8t
mktextfm nullfont
mktextfm ecrm1200
mktextfm ecrm1200
mktextfm ecrm1200
